<?xml version="1.0" encoding="UTF-8"?>
<testng-results skipped="0" failed="0" ignored="0" total="11" passed="11">
  <reporter-output>
  </reporter-output>
  <suite name="Default suite" duration-ms="33227" started-at="2022-03-23T15:47:57 IST" finished-at="2022-03-23T15:48:30 IST">
    <groups>
    </groups>
    <test name="Default test" duration-ms="33227" started-at="2022-03-23T15:47:57 IST" finished-at="2022-03-23T15:48:30 IST">
      <class name="pack1.MainClass">
        <test-method status="PASS" signature="setUp()[pri:0, instance:pack1.MainClass@2d8f65a4]" name="setUp" is-config="true" duration-ms="11453" started-at="2022-03-23T15:47:57 IST" finished-at="2022-03-23T15:48:09 IST">
          <reporter-output>
          </reporter-output>
        </test-method> <!-- setUp -->
        <test-method status="PASS" signature="testRadioButton()[pri:1, instance:pack1.MainClass@2d8f65a4]" name="testRadioButton" duration-ms="305" started-at="2022-03-23T15:48:09 IST" finished-at="2022-03-23T15:48:09 IST">
          <reporter-output>
          </reporter-output>
        </test-method> <!-- testRadioButton -->
        <test-method status="PASS" signature="testSelectClass()[pri:2, instance:pack1.MainClass@2d8f65a4]" name="testSelectClass" duration-ms="284" started-at="2022-03-23T15:48:09 IST" finished-at="2022-03-23T15:48:09 IST">
          <reporter-output>
          </reporter-output>
        </test-method> <!-- testSelectClass -->
        <test-method status="PASS" signature="testMultipleSelect()[pri:3, instance:pack1.MainClass@2d8f65a4]" name="testMultipleSelect" duration-ms="235" started-at="2022-03-23T15:48:09 IST" finished-at="2022-03-23T15:48:10 IST">
          <reporter-output>
          </reporter-output>
        </test-method> <!-- testMultipleSelect -->
        <test-method status="PASS" signature="testCheckbox()[pri:4, instance:pack1.MainClass@2d8f65a4]" name="testCheckbox" duration-ms="237" started-at="2022-03-23T15:48:10 IST" finished-at="2022-03-23T15:48:10 IST">
          <reporter-output>
          </reporter-output>
        </test-method> <!-- testCheckbox -->
        <test-method status="PASS" signature="testSwitchWindow()[pri:5, instance:pack1.MainClass@2d8f65a4]" name="testSwitchWindow" duration-ms="4620" started-at="2022-03-23T15:48:10 IST" finished-at="2022-03-23T15:48:14 IST">
          <reporter-output>
          </reporter-output>
        </test-method> <!-- testSwitchWindow -->
        <test-method status="PASS" signature="testSwitchTab()[pri:6, instance:pack1.MainClass@2d8f65a4]" name="testSwitchTab" duration-ms="8794" started-at="2022-03-23T15:48:14 IST" finished-at="2022-03-23T15:48:23 IST">
          <reporter-output>
          </reporter-output>
        </test-method> <!-- testSwitchTab -->
        <test-method status="PASS" signature="testSwitchToAlert()[pri:7, instance:pack1.MainClass@2d8f65a4]" name="testSwitchToAlert" duration-ms="1343" started-at="2022-03-23T15:48:23 IST" finished-at="2022-03-23T15:48:25 IST">
          <reporter-output>
          </reporter-output>
        </test-method> <!-- testSwitchToAlert -->
        <test-method status="PASS" signature="testEnabledDisabled()[pri:8, instance:pack1.MainClass@2d8f65a4]" name="testEnabledDisabled" duration-ms="417" started-at="2022-03-23T15:48:25 IST" finished-at="2022-03-23T15:48:25 IST">
          <reporter-output>
          </reporter-output>
        </test-method> <!-- testEnabledDisabled -->
        <test-method status="PASS" signature="testElementDisplayed()[pri:9, instance:pack1.MainClass@2d8f65a4]" name="testElementDisplayed" duration-ms="378" started-at="2022-03-23T15:48:25 IST" finished-at="2022-03-23T15:48:25 IST">
          <reporter-output>
          </reporter-output>
        </test-method> <!-- testElementDisplayed -->
        <test-method status="PASS" signature="testMouseHover()[pri:10, instance:pack1.MainClass@2d8f65a4]" name="testMouseHover" duration-ms="297" started-at="2022-03-23T15:48:25 IST" finished-at="2022-03-23T15:48:26 IST">
          <reporter-output>
          </reporter-output>
        </test-method> <!-- testMouseHover -->
        <test-method status="PASS" signature="testIFrame()[pri:11, instance:pack1.MainClass@2d8f65a4]" name="testIFrame" duration-ms="3693" started-at="2022-03-23T15:48:26 IST" finished-at="2022-03-23T15:48:29 IST">
          <reporter-output>
          </reporter-output>
        </test-method> <!-- testIFrame -->
        <test-method status="PASS" signature="close()[pri:0, instance:pack1.MainClass@2d8f65a4]" name="close" is-config="true" duration-ms="1038" started-at="2022-03-23T15:48:29 IST" finished-at="2022-03-23T15:48:30 IST">
          <reporter-output>
          </reporter-output>
        </test-method> <!-- close -->
      </class> <!-- pack1.MainClass -->
    </test> <!-- Default test -->
  </suite> <!-- Default suite -->
</testng-results>
