<?xml version="1.0" encoding="UTF-8"?>
<testng-results skipped="0" failed="0" ignored="0" total="1" passed="1">
  <reporter-output>
  </reporter-output>
  <suite name="Default suite" duration-ms="85" started-at="2022-03-11T12:54:24 IST" finished-at="2022-03-11T12:54:25 IST">
    <groups>
    </groups>
    <test name="Default test" duration-ms="85" started-at="2022-03-11T12:54:24 IST" finished-at="2022-03-11T12:54:25 IST">
      <class name="pack1.YamlReaderTest">
        <test-method status="PASS" signature="fileReader()[pri:0, instance:pack1.YamlReaderTest@27a5f880]" name="fileReader" duration-ms="58" started-at="2022-03-11T12:54:25 IST" finished-at="2022-03-11T12:54:25 IST">
          <reporter-output>
          </reporter-output>
        </test-method> <!-- fileReader -->
      </class> <!-- pack1.YamlReaderTest -->
    </test> <!-- Default test -->
  </suite> <!-- Default suite -->
</testng-results>
