<?xml version="1.0" encoding="UTF-8"?>
<!-- Generated by org.testng.reporters.JUnitXMLReporter -->
<testsuite hostname="QT-INNO-LT1428" ignored="0" name="Default test" tests="11" failures="0" timestamp="2022-03-23T15:48:30 IST" time="33.227" errors="0">
  <testcase name="testRadioButton" time="0.305" classname="pack1.MainClass"/>
  <testcase name="testSelectClass" time="0.284" classname="pack1.MainClass"/>
  <testcase name="testMultipleSelect" time="0.235" classname="pack1.MainClass"/>
  <testcase name="testCheckbox" time="0.237" classname="pack1.MainClass"/>
  <testcase name="testSwitchWindow" time="4.62" classname="pack1.MainClass"/>
  <testcase name="testSwitchTab" time="8.794" classname="pack1.MainClass"/>
  <testcase name="testSwitchToAlert" time="1.343" classname="pack1.MainClass"/>
  <testcase name="testEnabledDisabled" time="0.417" classname="pack1.MainClass"/>
  <testcase name="testElementDisplayed" time="0.378" classname="pack1.MainClass"/>
  <testcase name="testMouseHover" time="0.297" classname="pack1.MainClass"/>
  <testcase name="testIFrame" time="3.693" classname="pack1.MainClass"/>
</testsuite> <!-- Default test -->
