<?xml version="1.0" encoding="UTF-8"?>
<testng-results ignored="0" total="1" passed="1" failed="0" skipped="0">
  <reporter-output>
  </reporter-output>
  <suite started-at="2022-03-01T02:04:40 IST" name="Default suite" finished-at="2022-03-01T02:04:56 IST" duration-ms="15971">
    <groups>
    </groups>
    <test started-at="2022-03-01T02:04:40 IST" name="Default test" finished-at="2022-03-01T02:04:56 IST" duration-ms="15971">
      <class name="properties.TestTemperature">
        <test-method is-config="true" signature="setUp()[pri:0, instance:properties.TestTemperature@dd0c991]" started-at="2022-03-01T02:04:40 IST" name="setUp" finished-at="2022-03-01T02:04:48 IST" duration-ms="7813" status="PASS">
          <reporter-output>
          </reporter-output>
        </test-method> <!-- setUp -->
        <test-method signature="test()[pri:0, instance:properties.TestTemperature@dd0c991]" started-at="2022-03-01T02:04:48 IST" name="test" finished-at="2022-03-01T02:04:56 IST" duration-ms="8125" status="PASS">
          <reporter-output>
          </reporter-output>
        </test-method> <!-- test -->
      </class> <!-- properties.TestTemperature -->
    </test> <!-- Default test -->
  </suite> <!-- Default suite -->
</testng-results>
