<?xml version="1.0" encoding="UTF-8"?>
<testng-results skipped="0" failed="0" ignored="0" total="1" passed="1">
  <reporter-output>
  </reporter-output>
  <suite name="Default suite" duration-ms="38074" started-at="2022-03-14T12:43:32 IST" finished-at="2022-03-14T12:44:10 IST">
    <groups>
    </groups>
    <test name="Default test" duration-ms="38074" started-at="2022-03-14T12:43:32 IST" finished-at="2022-03-14T12:44:10 IST">
      <class name="pack1.MainClass">
        <test-method status="PASS" signature="setUp()[pri:0, instance:pack1.MainClass@2833cc44]" name="setUp" is-config="true" duration-ms="11308" started-at="2022-03-14T12:43:32 IST" finished-at="2022-03-14T12:43:44 IST">
          <reporter-output>
          </reporter-output>
        </test-method> <!-- setUp -->
        <test-method status="PASS" signature="test()[pri:0, instance:pack1.MainClass@2833cc44]" name="test" duration-ms="26712" started-at="2022-03-14T12:43:44 IST" finished-at="2022-03-14T12:44:10 IST">
          <reporter-output>
          </reporter-output>
        </test-method> <!-- test -->
      </class> <!-- pack1.MainClass -->
    </test> <!-- Default test -->
  </suite> <!-- Default suite -->
</testng-results>
