<?xml version="1.0" encoding="UTF-8"?>
<!-- Generated by org.testng.reporters.JUnitXMLReporter -->
<testsuite hostname="QT-INNO-LT1428" ignored="0" name="Default test" tests="5" failures="0" timestamp="2022-03-24T11:02:12 IST" time="7.236" errors="0">
  <testcase name="test_Delete" time="2.478" classname="practice.Test_Requests"/>
  <testcase name="test_Get" time="2.169" classname="practice.Test_Requests"/>
  <testcase name="test_Patch" time="0.862" classname="practice.Test_Requests"/>
  <testcase name="test_Post" time="0.849" classname="practice.Test_Requests"/>
  <testcase name="test_Put" time="0.85" classname="practice.Test_Requests"/>
</testsuite> <!-- Default test -->
